# JRE version: OpenJDK Runtime Environment (21.0.7) (build 21.0.7+-13880790-b1038.58)
# Java VM: OpenJDK 64-Bit Server VM (21.0.7+-13880790-b1038.58, mixed mode, tiered, compressed oops, compressed class ptrs, g1 gc, windows-amd64)
GC Precious Log:
 CardTable entry size: 512
 Card Set container configuration: InlinePtr #cards 5 size 8 Array Of Cards #cards 12 size 40 Howl #buckets 4 coarsen threshold 1843 Howl Bitmap #cards 512 size 80 coarsen threshold 460 Card regions per heap region 1 cards per card region 2048
 CPUs: 12 total, 12 available
 Memory: 7598M
 Large Page Support: Disabled
 NUMA Support: Disabled
 Compressed Oops: Enabled (32-bit)
 Heap Region Size: 1M
 Heap Min Capacity: 8M
 Heap Initial Capacity: 120M
 Heap Max Capacity: 1900M
 Pre-touch: Disabled
 Parallel Workers: 10
 Concurrent Workers: 3
 Concurrent Refinement Workers: 10
 Periodic GC: Disabled
Heap:
 garbage-first heap   total 306176K, used 156672K [0x0000000089400000, 0x0000000100000000)
  region size 1024K, 28 young (28672K), 5 survivors (5120K)
 Metaspace       used 66436K, committed 66752K, reserved 1114112K
  class space    used 7605K, committed 7744K, reserved 1048576K
GC Heap History (20 events):
Event: 4.159 GC heap before
{Heap before GC invocations=15 (full 0):
 garbage-first heap   total 78848K, used 65536K [0x0000000089400000, 0x0000000100000000)
  region size 1024K, 23 young (23552K), 4 survivors (4096K)
 Metaspace       used 57095K, committed 57408K, reserved 1114112K
  class space    used 6635K, committed 6784K, reserved 1048576K
}
Event: 4.168 GC heap after
{Heap after GC invocations=16 (full 0):
 garbage-first heap   total 78848K, used 52736K [0x0000000089400000, 0x0000000100000000)
  region size 1024K, 3 young (3072K), 3 survivors (3072K)
 Metaspace       used 57095K, committed 57408K, reserved 1114112K
  class space    used 6635K, committed 6784K, reserved 1048576K
}
Event: 4.232 GC heap before
{Heap before GC invocations=17 (full 0):
 garbage-first heap   total 89088K, used 67072K [0x0000000089400000, 0x0000000100000000)
  region size 1024K, 17 young (17408K), 3 survivors (3072K)
 Metaspace       used 57104K, committed 57472K, reserved 1114112K
  class space    used 6635K, committed 6784K, reserved 1048576K
}
Event: 4.238 GC heap after
{Heap after GC invocations=18 (full 0):
 garbage-first heap   total 89088K, used 57344K [0x0000000089400000, 0x0000000100000000)
  region size 1024K, 3 young (3072K), 3 survivors (3072K)
 Metaspace       used 57104K, committed 57472K, reserved 1114112K
  class space    used 6635K, committed 6784K, reserved 1048576K
}
Event: 4.290 GC heap before
{Heap before GC invocations=18 (full 0):
 garbage-first heap   total 89088K, used 75776K [0x0000000089400000, 0x0000000100000000)
  region size 1024K, 21 young (21504K), 3 survivors (3072K)
 Metaspace       used 57104K, committed 57472K, reserved 1114112K
  class space    used 6635K, committed 6784K, reserved 1048576K
}
Event: 4.296 GC heap after
{Heap after GC invocations=19 (full 0):
 garbage-first heap   total 89088K, used 62464K [0x0000000089400000, 0x0000000100000000)
  region size 1024K, 3 young (3072K), 3 survivors (3072K)
 Metaspace       used 57104K, committed 57472K, reserved 1114112K
  class space    used 6635K, committed 6784K, reserved 1048576K
}
Event: 4.333 GC heap before
{Heap before GC invocations=19 (full 0):
 garbage-first heap   total 89088K, used 77824K [0x0000000089400000, 0x0000000100000000)
  region size 1024K, 18 young (18432K), 3 survivors (3072K)
 Metaspace       used 57105K, committed 57472K, reserved 1114112K
  class space    used 6635K, committed 6784K, reserved 1048576K
}
Event: 4.340 GC heap after
{Heap after GC invocations=20 (full 0):
 garbage-first heap   total 178176K, used 67584K [0x0000000089400000, 0x0000000100000000)
  region size 1024K, 3 young (3072K), 3 survivors (3072K)
 Metaspace       used 57105K, committed 57472K, reserved 1114112K
  class space    used 6635K, committed 6784K, reserved 1048576K
}
Event: 4.511 GC heap before
{Heap before GC invocations=21 (full 0):
 garbage-first heap   total 178176K, used 131072K [0x0000000089400000, 0x0000000100000000)
  region size 1024K, 65 young (66560K), 3 survivors (3072K)
 Metaspace       used 57110K, committed 57472K, reserved 1114112K
  class space    used 6635K, committed 6784K, reserved 1048576K
}
Event: 4.524 GC heap after
{Heap after GC invocations=22 (full 0):
 garbage-first heap   total 178176K, used 87040K [0x0000000089400000, 0x0000000100000000)
  region size 1024K, 9 young (9216K), 9 survivors (9216K)
 Metaspace       used 57110K, committed 57472K, reserved 1114112K
  class space    used 6635K, committed 6784K, reserved 1048576K
}
Event: 4.646 GC heap before
{Heap before GC invocations=22 (full 0):
 garbage-first heap   total 178176K, used 133120K [0x0000000089400000, 0x0000000100000000)
  region size 1024K, 54 young (55296K), 9 survivors (9216K)
 Metaspace       used 57110K, committed 57472K, reserved 1114112K
  class space    used 6635K, committed 6784K, reserved 1048576K
}
Event: 4.660 GC heap after
{Heap after GC invocations=23 (full 0):
 garbage-first heap   total 178176K, used 100352K [0x0000000089400000, 0x0000000100000000)
  region size 1024K, 7 young (7168K), 7 survivors (7168K)
 Metaspace       used 57110K, committed 57472K, reserved 1114112K
  class space    used 6635K, committed 6784K, reserved 1048576K
}
Event: 4.966 GC heap before
{Heap before GC invocations=23 (full 0):
 garbage-first heap   total 178176K, used 122880K [0x0000000089400000, 0x0000000100000000)
  region size 1024K, 30 young (30720K), 7 survivors (7168K)
 Metaspace       used 58889K, committed 59264K, reserved 1114112K
  class space    used 6817K, committed 6976K, reserved 1048576K
}
Event: 4.974 GC heap after
{Heap after GC invocations=24 (full 0):
 garbage-first heap   total 178176K, used 107520K [0x0000000089400000, 0x0000000100000000)
  region size 1024K, 6 young (6144K), 6 survivors (6144K)
 Metaspace       used 58889K, committed 59264K, reserved 1114112K
  class space    used 6817K, committed 6976K, reserved 1048576K
}
Event: 5.235 GC heap before
{Heap before GC invocations=25 (full 0):
 garbage-first heap   total 181248K, used 147456K [0x0000000089400000, 0x0000000100000000)
  region size 1024K, 44 young (45056K), 6 survivors (6144K)
 Metaspace       used 59485K, committed 59776K, reserved 1114112K
  class space    used 6857K, committed 6976K, reserved 1048576K
}
Event: 5.247 GC heap after
{Heap after GC invocations=26 (full 0):
 garbage-first heap   total 181248K, used 119808K [0x0000000089400000, 0x0000000100000000)
  region size 1024K, 6 young (6144K), 6 survivors (6144K)
 Metaspace       used 59485K, committed 59776K, reserved 1114112K
  class space    used 6857K, committed 6976K, reserved 1048576K
}
Event: 5.735 GC heap before
{Heap before GC invocations=26 (full 0):
 garbage-first heap   total 181248K, used 154624K [0x0000000089400000, 0x0000000100000000)
  region size 1024K, 40 young (40960K), 6 survivors (6144K)
 Metaspace       used 63218K, committed 63552K, reserved 1114112K
  class space    used 7246K, committed 7424K, reserved 1048576K
}
Event: 5.746 GC heap after
{Heap after GC invocations=27 (full 0):
 garbage-first heap   total 181248K, used 125952K [0x0000000089400000, 0x0000000100000000)
  region size 1024K, 5 young (5120K), 5 survivors (5120K)
 Metaspace       used 63218K, committed 63552K, reserved 1114112K
  class space    used 7246K, committed 7424K, reserved 1048576K
}
Event: 6.266 GC heap before
{Heap before GC invocations=27 (full 0):
 garbage-first heap   total 181248K, used 158720K [0x0000000089400000, 0x0000000100000000)
  region size 1024K, 37 young (37888K), 5 survivors (5120K)
 Metaspace       used 65317K, committed 65728K, reserved 1114112K
  class space    used 7517K, committed 7680K, reserved 1048576K
}
Event: 6.279 GC heap after
{Heap after GC invocations=28 (full 0):
 garbage-first heap   total 306176K, used 134144K [0x0000000089400000, 0x0000000100000000)
  region size 1024K, 5 young (5120K), 5 survivors (5120K)
 Metaspace       used 65317K, committed 65728K, reserved 1114112K
  class space    used 7517K, committed 7680K, reserved 1048576K
}

