# JRE version: OpenJDK Runtime Environment (21.0.7) (build 21.0.7+-13880790-b1038.58)
# Java VM: OpenJDK 64-Bit Server VM (21.0.7+-13880790-b1038.58, mixed mode, tiered, compressed oops, compressed class ptrs, g1 gc, windows-amd64)
GC Precious Log:
 CardTable entry size: 512
 Card Set container configuration: InlinePtr #cards 5 size 8 Array Of Cards #cards 12 size 40 Howl #buckets 4 coarsen threshold 1843 Howl Bitmap #cards 512 size 80 coarsen threshold 460 Card regions per heap region 1 cards per card region 2048
 CPUs: 12 total, 12 available
 Memory: 7598M
 Large Page Support: Disabled
 NUMA Support: Disabled
 Compressed Oops: Enabled (32-bit)
 Heap Region Size: 1M
 Heap Min Capacity: 8M
 Heap Initial Capacity: 120M
 Heap Max Capacity: 1900M
 Pre-touch: Disabled
 Parallel Workers: 10
 Concurrent Workers: 3
 Concurrent Refinement Workers: 10
 Periodic GC: Disabled
Heap:
 garbage-first heap   total 168960K, used 117707K [0x0000000089400000, 0x0000000100000000)
  region size 1024K, 5 young (5120K), 5 survivors (5120K)
 Metaspace       used 59472K, committed 59776K, reserved 1114112K
  class space    used 6856K, committed 6976K, reserved 1048576K
GC Heap History (20 events):
Event: 6.196 GC heap after
{Heap after GC invocations=16 (full 0):
 garbage-first heap   total 73728K, used 41222K [0x0000000089400000, 0x0000000100000000)
  region size 1024K, 2 young (2048K), 2 survivors (2048K)
 Metaspace       used 56681K, committed 56960K, reserved 1114112K
  class space    used 6627K, committed 6784K, reserved 1048576K
}
Event: 6.708 GC heap before
{Heap before GC invocations=16 (full 0):
 garbage-first heap   total 73728K, used 62726K [0x0000000089400000, 0x0000000100000000)
  region size 1024K, 23 young (23552K), 2 survivors (2048K)
 Metaspace       used 57026K, committed 57344K, reserved 1114112K
  class space    used 6634K, committed 6784K, reserved 1048576K
}
Event: 6.721 GC heap after
{Heap after GC invocations=17 (full 0):
 garbage-first heap   total 73728K, used 49127K [0x0000000089400000, 0x0000000100000000)
  region size 1024K, 3 young (3072K), 3 survivors (3072K)
 Metaspace       used 57026K, committed 57344K, reserved 1114112K
  class space    used 6634K, committed 6784K, reserved 1048576K
}
Event: 7.032 GC heap before
{Heap before GC invocations=18 (full 0):
 garbage-first heap   total 81920K, used 63463K [0x0000000089400000, 0x0000000100000000)
  region size 1024K, 17 young (17408K), 3 survivors (3072K)
 Metaspace       used 57081K, committed 57408K, reserved 1114112K
  class space    used 6634K, committed 6784K, reserved 1048576K
}
Event: 7.039 GC heap after
{Heap after GC invocations=19 (full 0):
 garbage-first heap   total 81920K, used 54247K [0x0000000089400000, 0x0000000100000000)
  region size 1024K, 3 young (3072K), 3 survivors (3072K)
 Metaspace       used 57081K, committed 57408K, reserved 1114112K
  class space    used 6634K, committed 6784K, reserved 1048576K
}
Event: 7.140 GC heap before
{Heap before GC invocations=19 (full 0):
 garbage-first heap   total 81920K, used 69607K [0x0000000089400000, 0x0000000100000000)
  region size 1024K, 18 young (18432K), 3 survivors (3072K)
 Metaspace       used 57082K, committed 57408K, reserved 1114112K
  class space    used 6635K, committed 6784K, reserved 1048576K
}
Event: 7.148 GC heap after
{Heap after GC invocations=20 (full 0):
 garbage-first heap   total 81920K, used 58855K [0x0000000089400000, 0x0000000100000000)
  region size 1024K, 3 young (3072K), 3 survivors (3072K)
 Metaspace       used 57082K, committed 57408K, reserved 1114112K
  class space    used 6635K, committed 6784K, reserved 1048576K
}
Event: 7.260 GC heap before
{Heap before GC invocations=20 (full 0):
 garbage-first heap   total 81920K, used 71143K [0x0000000089400000, 0x0000000100000000)
  region size 1024K, 15 young (15360K), 3 survivors (3072K)
 Metaspace       used 57082K, committed 57408K, reserved 1114112K
  class space    used 6635K, committed 6784K, reserved 1048576K
}
Event: 7.266 GC heap after
{Heap after GC invocations=21 (full 0):
 garbage-first heap   total 81920K, used 62951K [0x0000000089400000, 0x0000000100000000)
  region size 1024K, 2 young (2048K), 2 survivors (2048K)
 Metaspace       used 57082K, committed 57408K, reserved 1114112K
  class space    used 6635K, committed 6784K, reserved 1048576K
}
Event: 7.391 GC heap before
{Heap before GC invocations=22 (full 0):
 garbage-first heap   total 106496K, used 73191K [0x0000000089400000, 0x0000000100000000)
  region size 1024K, 12 young (12288K), 2 survivors (2048K)
 Metaspace       used 57082K, committed 57408K, reserved 1114112K
  class space    used 6635K, committed 6784K, reserved 1048576K
}
Event: 7.397 GC heap after
{Heap after GC invocations=23 (full 0):
 garbage-first heap   total 144384K, used 66438K [0x0000000089400000, 0x0000000100000000)
  region size 1024K, 2 young (2048K), 2 survivors (2048K)
 Metaspace       used 57082K, committed 57408K, reserved 1114112K
  class space    used 6635K, committed 6784K, reserved 1048576K
}
Event: 7.763 GC heap before
{Heap before GC invocations=23 (full 0):
 garbage-first heap   total 144384K, used 111494K [0x0000000089400000, 0x0000000100000000)
  region size 1024K, 47 young (48128K), 2 survivors (2048K)
 Metaspace       used 57088K, committed 57408K, reserved 1114112K
  class space    used 6635K, committed 6784K, reserved 1048576K
}
Event: 7.778 GC heap after
{Heap after GC invocations=24 (full 0):
 garbage-first heap   total 144384K, used 79279K [0x0000000089400000, 0x0000000100000000)
  region size 1024K, 6 young (6144K), 6 survivors (6144K)
 Metaspace       used 57088K, committed 57408K, reserved 1114112K
  class space    used 6635K, committed 6784K, reserved 1048576K
}
Event: 7.973 GC heap before
{Heap before GC invocations=24 (full 0):
 garbage-first heap   total 144384K, used 114095K [0x0000000089400000, 0x0000000100000000)
  region size 1024K, 40 young (40960K), 6 survivors (6144K)
 Metaspace       used 57088K, committed 57408K, reserved 1114112K
  class space    used 6635K, committed 6784K, reserved 1048576K
}
Event: 7.986 GC heap after
{Heap after GC invocations=25 (full 0):
 garbage-first heap   total 144384K, used 90599K [0x0000000089400000, 0x0000000100000000)
  region size 1024K, 5 young (5120K), 5 survivors (5120K)
 Metaspace       used 57088K, committed 57408K, reserved 1114112K
  class space    used 6635K, committed 6784K, reserved 1048576K
}
Event: 8.092 GC heap before
{Heap before GC invocations=25 (full 0):
 garbage-first heap   total 144384K, used 121319K [0x0000000089400000, 0x0000000100000000)
  region size 1024K, 35 young (35840K), 5 survivors (5120K)
 Metaspace       used 57088K, committed 57408K, reserved 1114112K
  class space    used 6635K, committed 6784K, reserved 1048576K
}
Event: 8.100 GC heap after
{Heap after GC invocations=26 (full 0):
 garbage-first heap   total 144384K, used 100839K [0x0000000089400000, 0x0000000100000000)
  region size 1024K, 5 young (5120K), 5 survivors (5120K)
 Metaspace       used 57088K, committed 57408K, reserved 1114112K
  class space    used 6635K, committed 6784K, reserved 1048576K
}
Event: 8.707 GC heap before
{Heap before GC invocations=27 (full 0):
 garbage-first heap   total 168960K, used 125415K [0x0000000089400000, 0x0000000100000000)
  region size 1024K, 29 young (29696K), 5 survivors (5120K)
 Metaspace       used 58827K, committed 59136K, reserved 1114112K
  class space    used 6816K, committed 6976K, reserved 1048576K
}
Event: 8.717 GC heap after
{Heap after GC invocations=28 (full 0):
 garbage-first heap   total 168960K, used 106983K [0x0000000089400000, 0x0000000100000000)
  region size 1024K, 4 young (4096K), 4 survivors (4096K)
 Metaspace       used 58827K, committed 59136K, reserved 1114112K
  class space    used 6816K, committed 6976K, reserved 1048576K
}
Event: 9.629 GC heap before
{Heap before GC invocations=28 (full 0):
 garbage-first heap   total 168960K, used 142823K [0x0000000089400000, 0x0000000100000000)
  region size 1024K, 39 young (39936K), 4 survivors (4096K)
 Metaspace       used 59472K, committed 59776K, reserved 1114112K
  class space    used 6856K, committed 6976K, reserved 1048576K
}

