# JRE version: OpenJDK Runtime Environment (21.0.7) (build 21.0.7+-13880790-b1038.58)
# Java VM: OpenJDK 64-Bit Server VM (21.0.7+-13880790-b1038.58, mixed mode, tiered, compressed oops, compressed class ptrs, g1 gc, windows-amd64)
GC Precious Log:
 CardTable entry size: 512
 Card Set container configuration: InlinePtr #cards 5 size 8 Array Of Cards #cards 12 size 40 Howl #buckets 4 coarsen threshold 1843 Howl Bitmap #cards 512 size 80 coarsen threshold 460 Card regions per heap region 1 cards per card region 2048
 CPUs: 12 total, 12 available
 Memory: 7598M
 Large Page Support: Disabled
 NUMA Support: Disabled
 Compressed Oops: Enabled (32-bit)
 Heap Region Size: 1M
 Heap Min Capacity: 8M
 Heap Initial Capacity: 120M
 Heap Max Capacity: 1900M
 Pre-touch: Disabled
 Parallel Workers: 10
 Concurrent Workers: 3
 Concurrent Refinement Workers: 10
 Periodic GC: Disabled
Heap:
 garbage-first heap   total 303104K, used 190830K [0x0000000089400000, 0x0000000100000000)
  region size 1024K, 68 young (69632K), 5 survivors (5120K)
 Metaspace       used 67101K, committed 67456K, reserved 1114112K
  class space    used 7656K, committed 7808K, reserved 1048576K
GC Heap History (20 events):
Event: 4.664 GC heap before
{Heap before GC invocations=15 (full 0):
 garbage-first heap   total 73728K, used 62004K [0x0000000089400000, 0x0000000100000000)
  region size 1024K, 23 young (23552K), 4 survivors (4096K)
 Metaspace       used 57017K, committed 57344K, reserved 1114112K
  class space    used 6634K, committed 6784K, reserved 1048576K
}
Event: 4.674 GC heap after
{Heap after GC invocations=16 (full 0):
 garbage-first heap   total 73728K, used 49664K [0x0000000089400000, 0x0000000100000000)
  region size 1024K, 3 young (3072K), 3 survivors (3072K)
 Metaspace       used 57017K, committed 57344K, reserved 1114112K
  class space    used 6634K, committed 6784K, reserved 1048576K
}
Event: 4.782 GC heap before
{Heap before GC invocations=17 (full 0):
 garbage-first heap   total 83968K, used 62976K [0x0000000089400000, 0x0000000100000000)
  region size 1024K, 16 young (16384K), 3 survivors (3072K)
 Metaspace       used 57079K, committed 57408K, reserved 1114112K
  class space    used 6634K, committed 6784K, reserved 1048576K
}
Event: 4.788 GC heap after
{Heap after GC invocations=18 (full 0):
 garbage-first heap   total 83968K, used 53760K [0x0000000089400000, 0x0000000100000000)
  region size 1024K, 2 young (2048K), 2 survivors (2048K)
 Metaspace       used 57079K, committed 57408K, reserved 1114112K
  class space    used 6634K, committed 6784K, reserved 1048576K
}
Event: 4.839 GC heap before
{Heap before GC invocations=18 (full 0):
 garbage-first heap   total 83968K, used 71168K [0x0000000089400000, 0x0000000100000000)
  region size 1024K, 19 young (19456K), 2 survivors (2048K)
 Metaspace       used 57083K, committed 57408K, reserved 1114112K
  class space    used 6634K, committed 6784K, reserved 1048576K
}
Event: 4.846 GC heap after
{Heap after GC invocations=19 (full 0):
 garbage-first heap   total 83968K, used 58880K [0x0000000089400000, 0x0000000100000000)
  region size 1024K, 3 young (3072K), 3 survivors (3072K)
 Metaspace       used 57083K, committed 57408K, reserved 1114112K
  class space    used 6634K, committed 6784K, reserved 1048576K
}
Event: 4.899 GC heap before
{Heap before GC invocations=19 (full 0):
 garbage-first heap   total 83968K, used 72192K [0x0000000089400000, 0x0000000100000000)
  region size 1024K, 16 young (16384K), 3 survivors (3072K)
 Metaspace       used 57083K, committed 57408K, reserved 1114112K
  class space    used 6634K, committed 6784K, reserved 1048576K
}
Event: 4.905 GC heap after
{Heap after GC invocations=20 (full 0):
 garbage-first heap   total 156672K, used 63454K [0x0000000089400000, 0x0000000100000000)
  region size 1024K, 2 young (2048K), 2 survivors (2048K)
 Metaspace       used 57083K, committed 57408K, reserved 1114112K
  class space    used 6634K, committed 6784K, reserved 1048576K
}
Event: 5.085 GC heap before
{Heap before GC invocations=21 (full 0):
 garbage-first heap   total 156672K, used 116702K [0x0000000089400000, 0x0000000100000000)
  region size 1024K, 54 young (55296K), 2 survivors (2048K)
 Metaspace       used 57090K, committed 57408K, reserved 1114112K
  class space    used 6634K, committed 6784K, reserved 1048576K
}
Event: 5.099 GC heap after
{Heap after GC invocations=22 (full 0):
 garbage-first heap   total 156672K, used 79872K [0x0000000089400000, 0x0000000100000000)
  region size 1024K, 7 young (7168K), 7 survivors (7168K)
 Metaspace       used 57090K, committed 57408K, reserved 1114112K
  class space    used 6634K, committed 6784K, reserved 1048576K
}
Event: 5.178 GC heap before
{Heap before GC invocations=22 (full 0):
 garbage-first heap   total 156672K, used 119808K [0x0000000089400000, 0x0000000100000000)
  region size 1024K, 46 young (47104K), 7 survivors (7168K)
 Metaspace       used 57090K, committed 57408K, reserved 1114112K
  class space    used 6634K, committed 6784K, reserved 1048576K
}
Event: 5.190 GC heap after
{Heap after GC invocations=23 (full 0):
 garbage-first heap   total 156672K, used 91648K [0x0000000089400000, 0x0000000100000000)
  region size 1024K, 6 young (6144K), 6 survivors (6144K)
 Metaspace       used 57090K, committed 57408K, reserved 1114112K
  class space    used 6634K, committed 6784K, reserved 1048576K
}
Event: 5.299 GC heap before
{Heap before GC invocations=23 (full 0):
 garbage-first heap   total 156672K, used 126464K [0x0000000089400000, 0x0000000100000000)
  region size 1024K, 40 young (40960K), 6 survivors (6144K)
 Metaspace       used 57339K, committed 57664K, reserved 1114112K
  class space    used 6663K, committed 6848K, reserved 1048576K
}
Event: 5.311 GC heap after
{Heap after GC invocations=24 (full 0):
 garbage-first heap   total 156672K, used 102400K [0x0000000089400000, 0x0000000100000000)
  region size 1024K, 5 young (5120K), 5 survivors (5120K)
 Metaspace       used 57339K, committed 57664K, reserved 1114112K
  class space    used 6663K, committed 6848K, reserved 1048576K
}
Event: 5.597 GC heap before
{Heap before GC invocations=25 (full 0):
 garbage-first heap   total 171008K, used 133120K [0x0000000089400000, 0x0000000100000000)
  region size 1024K, 35 young (35840K), 5 survivors (5120K)
 Metaspace       used 58878K, committed 59200K, reserved 1114112K
  class space    used 6815K, committed 6976K, reserved 1048576K
}
Event: 5.607 GC heap after
{Heap after GC invocations=26 (full 0):
 garbage-first heap   total 171008K, used 112640K [0x0000000089400000, 0x0000000100000000)
  region size 1024K, 5 young (5120K), 5 survivors (5120K)
 Metaspace       used 58878K, committed 59200K, reserved 1114112K
  class space    used 6815K, committed 6976K, reserved 1048576K
}
Event: 6.024 GC heap before
{Heap before GC invocations=26 (full 0):
 garbage-first heap   total 171008K, used 146432K [0x0000000089400000, 0x0000000100000000)
  region size 1024K, 38 young (38912K), 5 survivors (5120K)
 Metaspace       used 61052K, committed 61376K, reserved 1114112K
  class space    used 7026K, committed 7168K, reserved 1048576K
}
Event: 6.032 GC heap after
{Heap after GC invocations=27 (full 0):
 garbage-first heap   total 171008K, used 118699K [0x0000000089400000, 0x0000000100000000)
  region size 1024K, 5 young (5120K), 5 survivors (5120K)
 Metaspace       used 61052K, committed 61376K, reserved 1114112K
  class space    used 7026K, committed 7168K, reserved 1048576K
}
Event: 6.401 GC heap before
{Heap before GC invocations=27 (full 0):
 garbage-first heap   total 171008K, used 149419K [0x0000000089400000, 0x0000000100000000)
  region size 1024K, 35 young (35840K), 5 survivors (5120K)
 Metaspace       used 63528K, committed 63872K, reserved 1114112K
  class space    used 7285K, committed 7424K, reserved 1048576K
}
Event: 6.414 GC heap after
{Heap after GC invocations=28 (full 0):
 garbage-first heap   total 303104K, used 127342K [0x0000000089400000, 0x0000000100000000)
  region size 1024K, 5 young (5120K), 5 survivors (5120K)
 Metaspace       used 63528K, committed 63872K, reserved 1114112K
  class space    used 7285K, committed 7424K, reserved 1048576K
}

