# JRE version: OpenJDK Runtime Environment (21.0.7) (build 21.0.7+-13880790-b1038.58)
# Java VM: OpenJDK 64-Bit Server VM (21.0.7+-13880790-b1038.58, mixed mode, tiered, compressed oops, compressed class ptrs, g1 gc, windows-amd64)
GC Precious Log:
 CardTable entry size: 512
 Card Set container configuration: InlinePtr #cards 5 size 8 Array Of Cards #cards 12 size 40 Howl #buckets 4 coarsen threshold 1843 Howl Bitmap #cards 512 size 80 coarsen threshold 460 Card regions per heap region 1 cards per card region 2048
 CPUs: 12 total, 12 available
 Memory: 7598M
 Large Page Support: Disabled
 NUMA Support: Disabled
 Compressed Oops: Enabled (32-bit)
 Heap Region Size: 1M
 Heap Min Capacity: 8M
 Heap Initial Capacity: 120M
 Heap Max Capacity: 1900M
 Pre-touch: Disabled
 Parallel Workers: 10
 Concurrent Workers: 3
 Concurrent Refinement Workers: 10
 Periodic GC: Disabled
Heap:
 garbage-first heap   total 145408K, used 102400K [0x0000000089400000, 0x0000000100000000)
  region size 1024K, 4 young (4096K), 4 survivors (4096K)
 Metaspace       used 57120K, committed 57472K, reserved 1114112K
  class space    used 6634K, committed 6784K, reserved 1048576K
GC Heap History (20 events):
Event: 6.170 GC heap after
{Heap after GC invocations=13 (full 0):
 garbage-first heap   total 71680K, used 33679K [0x0000000089400000, 0x0000000100000000)
  region size 1024K, 3 young (3072K), 3 survivors (3072K)
 Metaspace       used 51212K, committed 51584K, reserved 1114112K
  class space    used 6086K, committed 6272K, reserved 1048576K
}
Event: 6.725 GC heap before
{Heap before GC invocations=13 (full 0):
 garbage-first heap   total 71680K, used 59279K [0x0000000089400000, 0x0000000100000000)
  region size 1024K, 29 young (29696K), 3 survivors (3072K)
 Metaspace       used 55199K, committed 55552K, reserved 1114112K
  class space    used 6481K, committed 6656K, reserved 1048576K
}
Event: 6.740 GC heap after
{Heap after GC invocations=14 (full 0):
 garbage-first heap   total 71680K, used 37770K [0x0000000089400000, 0x0000000100000000)
  region size 1024K, 4 young (4096K), 4 survivors (4096K)
 Metaspace       used 55199K, committed 55552K, reserved 1114112K
  class space    used 6481K, committed 6656K, reserved 1048576K
}
Event: 7.156 GC heap before
{Heap before GC invocations=14 (full 0):
 garbage-first heap   total 71680K, used 59274K [0x0000000089400000, 0x0000000100000000)
  region size 1024K, 26 young (26624K), 4 survivors (4096K)
 Metaspace       used 56934K, committed 57280K, reserved 1114112K
  class space    used 6633K, committed 6784K, reserved 1048576K
}
Event: 7.171 GC heap after
{Heap after GC invocations=15 (full 0):
 garbage-first heap   total 71680K, used 44436K [0x0000000089400000, 0x0000000100000000)
  region size 1024K, 4 young (4096K), 4 survivors (4096K)
 Metaspace       used 56934K, committed 57280K, reserved 1114112K
  class space    used 6633K, committed 6784K, reserved 1048576K
}
Event: 7.320 GC heap before
{Heap before GC invocations=16 (full 0):
 garbage-first heap   total 75776K, used 60820K [0x0000000089400000, 0x0000000100000000)
  region size 1024K, 20 young (20480K), 4 survivors (4096K)
 Metaspace       used 57025K, committed 57344K, reserved 1114112K
  class space    used 6633K, committed 6784K, reserved 1048576K
}
Event: 7.329 GC heap after
{Heap after GC invocations=17 (full 0):
 garbage-first heap   total 75776K, used 50176K [0x0000000089400000, 0x0000000100000000)
  region size 1024K, 3 young (3072K), 3 survivors (3072K)
 Metaspace       used 57025K, committed 57344K, reserved 1114112K
  class space    used 6633K, committed 6784K, reserved 1048576K
}
Event: 7.385 GC heap before
{Heap before GC invocations=17 (full 0):
 garbage-first heap   total 75776K, used 64512K [0x0000000089400000, 0x0000000100000000)
  region size 1024K, 17 young (17408K), 3 survivors (3072K)
 Metaspace       used 57103K, committed 57408K, reserved 1114112K
  class space    used 6633K, committed 6784K, reserved 1048576K
}
Event: 7.392 GC heap after
{Heap after GC invocations=18 (full 0):
 garbage-first heap   total 75776K, used 54272K [0x0000000089400000, 0x0000000100000000)
  region size 1024K, 3 young (3072K), 3 survivors (3072K)
 Metaspace       used 57103K, committed 57408K, reserved 1114112K
  class space    used 6633K, committed 6784K, reserved 1048576K
}
Event: 7.432 GC heap before
{Heap before GC invocations=18 (full 0):
 garbage-first heap   total 75776K, used 66560K [0x0000000089400000, 0x0000000100000000)
  region size 1024K, 15 young (15360K), 3 survivors (3072K)
 Metaspace       used 57107K, committed 57408K, reserved 1114112K
  class space    used 6633K, committed 6784K, reserved 1048576K
}
Event: 7.437 GC heap after
{Heap after GC invocations=19 (full 0):
 garbage-first heap   total 122880K, used 58342K [0x0000000089400000, 0x0000000100000000)
  region size 1024K, 2 young (2048K), 2 survivors (2048K)
 Metaspace       used 57107K, committed 57408K, reserved 1114112K
  class space    used 6633K, committed 6784K, reserved 1048576K
}
Event: 7.577 GC heap before
{Heap before GC invocations=20 (full 0):
 garbage-first heap   total 122880K, used 96230K [0x0000000089400000, 0x0000000100000000)
  region size 1024K, 39 young (39936K), 2 survivors (2048K)
 Metaspace       used 57107K, committed 57408K, reserved 1114112K
  class space    used 6634K, committed 6784K, reserved 1048576K
}
Event: 7.588 GC heap after
{Heap after GC invocations=21 (full 0):
 garbage-first heap   total 122880K, used 70144K [0x0000000089400000, 0x0000000100000000)
  region size 1024K, 5 young (5120K), 5 survivors (5120K)
 Metaspace       used 57107K, committed 57408K, reserved 1114112K
  class space    used 6634K, committed 6784K, reserved 1048576K
}
Event: 7.659 GC heap before
{Heap before GC invocations=21 (full 0):
 garbage-first heap   total 122880K, used 99840K [0x0000000089400000, 0x0000000100000000)
  region size 1024K, 34 young (34816K), 5 survivors (5120K)
 Metaspace       used 57113K, committed 57408K, reserved 1114112K
  class space    used 6634K, committed 6784K, reserved 1048576K
}
Event: 7.670 GC heap after
{Heap after GC invocations=22 (full 0):
 garbage-first heap   total 122880K, used 78848K [0x0000000089400000, 0x0000000100000000)
  region size 1024K, 5 young (5120K), 5 survivors (5120K)
 Metaspace       used 57113K, committed 57408K, reserved 1114112K
  class space    used 6634K, committed 6784K, reserved 1048576K
}
Event: 7.726 GC heap before
{Heap before GC invocations=22 (full 0):
 garbage-first heap   total 122880K, used 103424K [0x0000000089400000, 0x0000000100000000)
  region size 1024K, 29 young (29696K), 5 survivors (5120K)
 Metaspace       used 57113K, committed 57408K, reserved 1114112K
  class space    used 6634K, committed 6784K, reserved 1048576K
}
Event: 7.736 GC heap after
{Heap after GC invocations=23 (full 0):
 garbage-first heap   total 122880K, used 87040K [0x0000000089400000, 0x0000000100000000)
  region size 1024K, 4 young (4096K), 4 survivors (4096K)
 Metaspace       used 57113K, committed 57408K, reserved 1114112K
  class space    used 6634K, committed 6784K, reserved 1048576K
}
Event: 7.815 GC heap before
{Heap before GC invocations=24 (full 0):
 garbage-first heap   total 145408K, used 106496K [0x0000000089400000, 0x0000000100000000)
  region size 1024K, 24 young (24576K), 4 survivors (4096K)
 Metaspace       used 57113K, committed 57408K, reserved 1114112K
  class space    used 6634K, committed 6784K, reserved 1048576K
}
Event: 7.821 GC heap after
{Heap after GC invocations=25 (full 0):
 garbage-first heap   total 145408K, used 93696K [0x0000000089400000, 0x0000000100000000)
  region size 1024K, 3 young (3072K), 3 survivors (3072K)
 Metaspace       used 57113K, committed 57408K, reserved 1114112K
  class space    used 6634K, committed 6784K, reserved 1048576K
}
Event: 7.916 GC heap before
{Heap before GC invocations=25 (full 0):
 garbage-first heap   total 145408K, used 122368K [0x0000000089400000, 0x0000000100000000)
  region size 1024K, 31 young (31744K), 3 survivors (3072K)
 Metaspace       used 57120K, committed 57472K, reserved 1114112K
  class space    used 6634K, committed 6784K, reserved 1048576K
}

