# JRE version: OpenJDK Runtime Environment (21.0.7) (build 21.0.7+-13880790-b1038.58)
# Java VM: OpenJDK 64-Bit Server VM (21.0.7+-13880790-b1038.58, mixed mode, tiered, compressed oops, compressed class ptrs, g1 gc, windows-amd64)
GC Precious Log:
 CardTable entry size: 512
 Card Set container configuration: InlinePtr #cards 5 size 8 Array Of Cards #cards 12 size 40 Howl #buckets 4 coarsen threshold 1843 Howl Bitmap #cards 512 size 80 coarsen threshold 460 Card regions per heap region 1 cards per card region 2048
 CPUs: 12 total, 12 available
 Memory: 7598M
 Large Page Support: Disabled
 NUMA Support: Disabled
 Compressed Oops: Enabled (32-bit)
 Heap Region Size: 1M
 Heap Min Capacity: 8M
 Heap Initial Capacity: 120M
 Heap Max Capacity: 1900M
 Pre-touch: Disabled
 Parallel Workers: 10
 Concurrent Workers: 3
 Concurrent Refinement Workers: 10
 Periodic GC: Disabled
Heap:
 garbage-first heap   total 184320K, used 127579K [0x0000000089400000, 0x0000000100000000)
  region size 1024K, 6 young (6144K), 6 survivors (6144K)
 Metaspace       used 63596K, committed 63936K, reserved 1114112K
  class space    used 7286K, committed 7424K, reserved 1048576K
GC Heap History (20 events):
Event: 4.287 GC heap after
{Heap after GC invocations=14 (full 0):
 garbage-first heap   total 79872K, used 34675K [0x0000000089400000, 0x0000000100000000)
  region size 1024K, 3 young (3072K), 3 survivors (3072K)
 Metaspace       used 51706K, committed 52032K, reserved 1114112K
  class space    used 6104K, committed 6272K, reserved 1048576K
}
Event: 4.736 GC heap before
{Heap before GC invocations=14 (full 0):
 garbage-first heap   total 79872K, used 63347K [0x0000000089400000, 0x0000000100000000)
  region size 1024K, 32 young (32768K), 3 survivors (3072K)
 Metaspace       used 56521K, committed 56832K, reserved 1114112K
  class space    used 6607K, committed 6784K, reserved 1048576K
}
Event: 4.747 GC heap after
{Heap after GC invocations=15 (full 0):
 garbage-first heap   total 79872K, used 39685K [0x0000000089400000, 0x0000000100000000)
  region size 1024K, 4 young (4096K), 4 survivors (4096K)
 Metaspace       used 56521K, committed 56832K, reserved 1114112K
  class space    used 6607K, committed 6784K, reserved 1048576K
}
Event: 4.968 GC heap before
{Heap before GC invocations=15 (full 0):
 garbage-first heap   total 79872K, used 66309K [0x0000000089400000, 0x0000000100000000)
  region size 1024K, 30 young (30720K), 4 survivors (4096K)
 Metaspace       used 57076K, committed 57408K, reserved 1114112K
  class space    used 6634K, committed 6784K, reserved 1048576K
}
Event: 4.981 GC heap after
{Heap after GC invocations=16 (full 0):
 garbage-first heap   total 79872K, used 49152K [0x0000000089400000, 0x0000000100000000)
  region size 1024K, 4 young (4096K), 4 survivors (4096K)
 Metaspace       used 57076K, committed 57408K, reserved 1114112K
  class space    used 6634K, committed 6784K, reserved 1048576K
}
Event: 5.041 GC heap before
{Heap before GC invocations=16 (full 0):
 garbage-first heap   total 79872K, used 67584K [0x0000000089400000, 0x0000000100000000)
  region size 1024K, 22 young (22528K), 4 survivors (4096K)
 Metaspace       used 57188K, committed 57536K, reserved 1114112K
  class space    used 6634K, committed 6784K, reserved 1048576K
}
Event: 5.047 GC heap after
{Heap after GC invocations=17 (full 0):
 garbage-first heap   total 79872K, used 54784K [0x0000000089400000, 0x0000000100000000)
  region size 1024K, 3 young (3072K), 3 survivors (3072K)
 Metaspace       used 57188K, committed 57536K, reserved 1114112K
  class space    used 6634K, committed 6784K, reserved 1048576K
}
Event: 5.102 GC heap before
{Heap before GC invocations=18 (full 0):
 garbage-first heap   total 92160K, used 69120K [0x0000000089400000, 0x0000000100000000)
  region size 1024K, 17 young (17408K), 3 survivors (3072K)
 Metaspace       used 57191K, committed 57536K, reserved 1114112K
  class space    used 6634K, committed 6784K, reserved 1048576K
}
Event: 5.107 GC heap after
{Heap after GC invocations=19 (full 0):
 garbage-first heap   total 92160K, used 59392K [0x0000000089400000, 0x0000000100000000)
  region size 1024K, 3 young (3072K), 3 survivors (3072K)
 Metaspace       used 57191K, committed 57536K, reserved 1114112K
  class space    used 6634K, committed 6784K, reserved 1048576K
}
Event: 5.153 GC heap before
{Heap before GC invocations=19 (full 0):
 garbage-first heap   total 92160K, used 77824K [0x0000000089400000, 0x0000000100000000)
  region size 1024K, 21 young (21504K), 3 survivors (3072K)
 Metaspace       used 57191K, committed 57536K, reserved 1114112K
  class space    used 6634K, committed 6784K, reserved 1048576K
}
Event: 5.160 GC heap after
{Heap after GC invocations=20 (full 0):
 garbage-first heap   total 184320K, used 64477K [0x0000000089400000, 0x0000000100000000)
  region size 1024K, 3 young (3072K), 3 survivors (3072K)
 Metaspace       used 57191K, committed 57536K, reserved 1114112K
  class space    used 6634K, committed 6784K, reserved 1048576K
}
Event: 5.356 GC heap before
{Heap before GC invocations=20 (full 0):
 garbage-first heap   total 184320K, used 137181K [0x0000000089400000, 0x0000000100000000)
  region size 1024K, 74 young (75776K), 3 survivors (3072K)
 Metaspace       used 57191K, committed 57536K, reserved 1114112K
  class space    used 6634K, committed 6784K, reserved 1048576K
}
Event: 5.369 GC heap after
{Heap after GC invocations=21 (full 0):
 garbage-first heap   total 184320K, used 87040K [0x0000000089400000, 0x0000000100000000)
  region size 1024K, 10 young (10240K), 10 survivors (10240K)
 Metaspace       used 57191K, committed 57536K, reserved 1114112K
  class space    used 6634K, committed 6784K, reserved 1048576K
}
Event: 5.508 GC heap before
{Heap before GC invocations=21 (full 0):
 garbage-first heap   total 184320K, used 136192K [0x0000000089400000, 0x0000000100000000)
  region size 1024K, 58 young (59392K), 10 survivors (10240K)
 Metaspace       used 57295K, committed 57600K, reserved 1114112K
  class space    used 6652K, committed 6784K, reserved 1048576K
}
Event: 5.520 GC heap after
{Heap after GC invocations=22 (full 0):
 garbage-first heap   total 184320K, used 102400K [0x0000000089400000, 0x0000000100000000)
  region size 1024K, 8 young (8192K), 8 survivors (8192K)
 Metaspace       used 57295K, committed 57600K, reserved 1114112K
  class space    used 6652K, committed 6784K, reserved 1048576K
}
Event: 5.813 GC heap before
{Heap before GC invocations=22 (full 0):
 garbage-first heap   total 184320K, used 116736K [0x0000000089400000, 0x0000000100000000)
  region size 1024K, 23 young (23552K), 8 survivors (8192K)
 Metaspace       used 58881K, committed 59264K, reserved 1114112K
  class space    used 6816K, committed 6976K, reserved 1048576K
}
Event: 5.821 GC heap after
{Heap after GC invocations=23 (full 0):
 garbage-first heap   total 184320K, used 106878K [0x0000000089400000, 0x0000000100000000)
  region size 1024K, 4 young (4096K), 4 survivors (4096K)
 Metaspace       used 58881K, committed 59264K, reserved 1114112K
  class space    used 6816K, committed 6976K, reserved 1048576K
}
Event: 6.143 GC heap before
{Heap before GC invocations=24 (full 0):
 garbage-first heap   total 184320K, used 151934K [0x0000000089400000, 0x0000000100000000)
  region size 1024K, 47 young (48128K), 4 survivors (4096K)
 Metaspace       used 59792K, committed 60096K, reserved 1114112K
  class space    used 6893K, committed 7040K, reserved 1048576K
}
Event: 6.153 GC heap after
{Heap after GC invocations=25 (full 0):
 garbage-first heap   total 184320K, used 119773K [0x0000000089400000, 0x0000000100000000)
  region size 1024K, 6 young (6144K), 6 survivors (6144K)
 Metaspace       used 59792K, committed 60096K, reserved 1114112K
  class space    used 6893K, committed 7040K, reserved 1048576K
}
Event: 6.699 GC heap before
{Heap before GC invocations=25 (full 0):
 garbage-first heap   total 184320K, used 157661K [0x0000000089400000, 0x0000000100000000)
  region size 1024K, 43 young (44032K), 6 survivors (6144K)
 Metaspace       used 63596K, committed 63936K, reserved 1114112K
  class space    used 7286K, committed 7424K, reserved 1048576K
}

